<?xml version="1.0" encoding="UTF-8"?>
<!-- Generated by org.testng.reporters.JUnitReportReporter -->
<testsuite hostname="INLT2142" failures="0" tests="1" name="com.automation.tests.TShirtTest" time="37.492" errors="0" timestamp="2021-02-07T13:39:23 IST" skipped="0">
  <testcase classname="com.automation.tests.TShirtTest" name="tshirtProductTest" time="37.492"/>
  <system-out/>
</testsuite> <!-- com.automation.tests.TShirtTest -->
